<?xml version="1.0" encoding="UTF-8"?>
<testExecutions version="1">
    <file path="F:\VS Code project\REACT\experiments\react-ui-kit\src\components\Dropdown\Dropdown.test.tsx">
        <testCase name="Dropdown Default dropdown" duration="182"/>
        <testCase name="Dropdown Open on top" duration="16"/>
        <testCase name="Dropdown Open left" duration="15"/>
        <testCase name="Dropdown Fullwidth" duration="16"/>
        <testCase name="Dropdown Closed dropdown" duration="10"/>
        <testCase name="Dropdown Dropdown click handler" duration="12"/>
        <testCase name="Dropdown Dropdown MouseEnter handler" duration="6"/>
        <testCase name="Dropdown Dropdown MouseLeave handler" duration="7"/>
        <testCase name="Dropdown Dropdown keyDown handler" duration="8"/>
        <testCase name="Dropdown Dropdown blur close" duration="8"/>
    </file>
    <file path="F:\VS Code project\REACT\experiments\react-ui-kit\src\components\Button\Button.test.tsx">
        <testCase name="Button tests Test default button styles" duration="182"/>
        <testCase name="Button tests Test Default outlined button styles" duration="13"/>
        <testCase name="Button tests Test Success button styles" duration="9"/>
        <testCase name="Button tests Test Success outlined button styles" duration="24"/>
        <testCase name="Button tests Test Danger button styles" duration="8"/>
        <testCase name="Button tests Test Danger outlined button styles" duration="15"/>
        <testCase name="Button tests Test Error button styles" duration="11"/>
        <testCase name="Button tests Test Error outlined button styles" duration="12"/>
        <testCase name="Button tests Test button border radius" duration="16"/>
        <testCase name="Button tests Test rounded button styles" duration="21"/>
        <testCase name="Button tests Test button font size" duration="9"/>
        <testCase name="Button tests Test button full width" duration="12"/>
        <testCase name="Button tests Button action" duration="20"/>
    </file>
    <file path="F:\VS Code project\REACT\experiments\react-ui-kit\src\components\Accordion\Accordion.test.tsx">
        <testCase name="Accordion Closed accordion" duration="57"/>
        <testCase name="Accordion Open accordion" duration="10"/>
        <testCase name="Accordion Closed accordion styles" duration="22"/>
        <testCase name="Accordion Open accordion styles" duration="11"/>
        <testCase name="Accordion Accordion keyboard events" duration="6"/>
    </file>
    <file path="F:\VS Code project\REACT\experiments\react-ui-kit\src\components\Checkbox\Checkbox.test.tsx">
        <testCase name="Checkbox Default checkbox" duration="57"/>
        <testCase name="Checkbox Checkbox with label" duration="5"/>
        <testCase name="Checkbox Checkbox click handler" duration="10"/>
        <testCase name="Checkbox Check with Enter key" duration="9"/>
        <testCase name="Checkbox Check with Space key" duration="12"/>
        <testCase name="Checkbox Disabled" duration="29"/>
        <testCase name="Checkbox Toggle checkbox" duration="14"/>
        <testCase name="Checkbox Disabled toggle checkbox" duration="15"/>
    </file>
    <file path="F:\VS Code project\REACT\experiments\react-ui-kit\src\components\Badge\Badge.test.tsx">
        <testCase name="Badge Default badge" duration="50"/>
        <testCase name="Badge Default badge with position bottom" duration="9"/>
        <testCase name="Badge Badge with label" duration="11"/>
        <testCase name="Badge Badge with custom background color" duration="8"/>
    </file>
    <file path="F:\VS Code project\REACT\experiments\react-ui-kit\src\components\Backdrop\Backdrop.test.tsx">
        <testCase name="Backdrop Styles" duration="56"/>
        <testCase name="Backdrop Closed backdrop" duration="3"/>
        <testCase name="Backdrop Handler" duration="7"/>
    </file>
</testExecutions>