<?xml version="1.0" encoding="UTF-8"?>
<testExecutions version="1">
    <file path="F:\VS Code project\REACT\experiments\react-ui-kit\src\components\Accordion\Accordion.test.tsx">
        <testCase name="Accordion Closed accordion" duration="127"/>
        <testCase name="Accordion Open accordion" duration="13"/>
        <testCase name="Accordion Closed accordion styles" duration="36"/>
        <testCase name="Accordion Open accordion styles" duration="16"/>
        <testCase name="Accordion Accordion keyboard events" duration="11"/>
    </file>
    <file path="F:\VS Code project\REACT\experiments\react-ui-kit\src\components\Button\Button.test.tsx">
        <testCase name="Button tests Test default button styles" duration="164"/>
        <testCase name="Button tests Test Default outlined button styles" duration="16"/>
        <testCase name="Button tests Test Success button styles" duration="13"/>
        <testCase name="Button tests Test Success outlined button styles" duration="15"/>
        <testCase name="Button tests Test Danger button styles" duration="20"/>
        <testCase name="Button tests Test Danger outlined button styles" duration="34"/>
        <testCase name="Button tests Test Error button styles" duration="16"/>
        <testCase name="Button tests Test Error outlined button styles" duration="24"/>
        <testCase name="Button tests Test button border radius" duration="24"/>
        <testCase name="Button tests Test rounded button styles" duration="33"/>
        <testCase name="Button tests Test button font size" duration="46"/>
        <testCase name="Button tests Test button full width" duration="13"/>
        <testCase name="Button tests Button action" duration="11"/>
    </file>
    <file path="F:\VS Code project\REACT\experiments\react-ui-kit\src\components\Backdrop\Backdrop.test.tsx">
        <testCase name="Backdrop Styles" duration="80"/>
        <testCase name="Backdrop Closed backdrop" duration="3"/>
        <testCase name="Backdrop Handler" duration="5"/>
    </file>
    <file path="F:\VS Code project\REACT\experiments\react-ui-kit\src\components\Dropdown\Dropdown.test.tsx">
        <testCase name="Dropdown Default dropdown" duration="67"/>
        <testCase name="Dropdown Open on top" duration="11"/>
        <testCase name="Dropdown Open left" duration="11"/>
        <testCase name="Dropdown Fullwidth" duration="20"/>
        <testCase name="Dropdown Closed dropdown" duration="8"/>
        <testCase name="Dropdown Dropdown click handler" duration="8"/>
        <testCase name="Dropdown Dropdown MouseEnter handler" duration="15"/>
        <testCase name="Dropdown Dropdown MouseLeave handler" duration="5"/>
        <testCase name="Dropdown Dropdown keyDown handler" duration="5"/>
        <testCase name="Dropdown Dropdown blur close" duration="5"/>
    </file>
    <file path="F:\VS Code project\REACT\experiments\react-ui-kit\src\components\Badge\Badge.test.tsx">
        <testCase name="Badge Default badge" duration="44"/>
        <testCase name="Badge Default badge with position bottom" duration="11"/>
        <testCase name="Badge Badge with label" duration="7"/>
        <testCase name="Badge Badge with custom background color" duration="8"/>
    </file>
    <file path="F:\VS Code project\REACT\experiments\react-ui-kit\src\components\Checkbox\Checkbox.test.tsx">
        <testCase name="Checkbox Default checkbox" duration="43"/>
        <testCase name="Checkbox Checkbox with label" duration="5"/>
        <testCase name="Checkbox Checkbox click handler" duration="9"/>
        <testCase name="Checkbox Check with Enter key" duration="10"/>
        <testCase name="Checkbox Check with Space key" duration="4"/>
        <testCase name="Checkbox Disabled" duration="19"/>
        <testCase name="Checkbox Toggle checkbox" duration="13"/>
        <testCase name="Checkbox Disabled toggle checkbox" duration="9"/>
    </file>
</testExecutions>